00000000	0.00000000	[180] InitInstance BEGIN	
00000001	0.00055733	[180] InitInstance DONE	
00000002	0.00067523	[180] ImeInquire	
00000003	0.00078753	[180] ImeInquire: set fdwProperty	
00000004	0.00089872	[180] ImeInquire: set fdwConversionCaps	
00000005	0.00098783	[180] ImeInquire: set lpszUIClass	
00000006	0.00105013	[180] ImeInquire: DONE	
00000007	0.00135660	[180] ImeSelect: selected = 1	
00000008	0.00167815	[180] Proc: 00150094, message 129 (WM_NCCREATE), 00000000, 0007f164	
00000009	0.00181420	[180] Proc: 00150094, message 131 (WM_NCCALCSIZE), 00000000, 0007f18c	
00000010	0.00194271	[180] Proc: 00150094, message 1 (WM_CREATE), 00000000, 0007f154	
00000011	0.00206926	[180] Proc: 00150094, message 5 (WM_SIZE), 00000000, 00000000	
00000012	0.00221872	[180] Proc: 00150094, message 3 (WM_MOVE), 00000000, 00000000	
00000013	0.00235337	[180] Proc: 00150094, message 645 (WM_IME_SELECT), 00000001, e0200804	
00000014	0.00277745	[180] Proc: 00150094, message 642 (WM_IME_NOTIFY), 00000002, 00000000	
00000015	0.00291713	[180] NotifyIME: dwAction = 3, dwIndex = 0x00000000, dwValue = 0x0000000a	
00000016	0.00305234	[180] Proc: 00150094, message 642 (WM_IME_NOTIFY), 0000000a, 00000000	
00000017	0.00318476	[180] NotifyIME: dwAction = 3, dwIndex = 0x00000000, dwValue = 0x0000000c	
00000018	0.00366751	[180] Proc: 00150094, message 642 (WM_IME_NOTIFY), 0000000b, 00000000	
00000019	0.00380775	[180] Proc: 00150094, message 642 (WM_IME_NOTIFY), 00000006, 00000000	
00000020	0.00380775	[180] Proc: 00150094, message 642 (WM_IME_NOTIFY), 00000007, 00000000	
00000021	2.88695526	[180] ImeProcessKey: uVirKey = 74, lParam = 0x00240001	
00000022	2.88703895	[180] ImeToAsciiEx	
00000023	2.93492937	[180] ImeProcessKey: uVirKey = 74, lParam = 0xc0240001	
00000024	2.93501735	[180] ImeToAsciiEx	
00000025	3.03098488	[180] ImeProcessKey: uVirKey = 74, lParam = 0x00240001	
00000026	3.03107214	[180] ImeToAsciiEx	
00000027	3.11089396	[180] ImeProcessKey: uVirKey = 74, lParam = 0xc0240001	
00000028	3.11098313	[180] ImeToAsciiEx	
00000029	3.43103623	[180] ImeProcessKey: uVirKey = 73, lParam = 0x00170001	
00000030	3.43112278	[180] ImeToAsciiEx	
00000031	3.52689934	[180] ImeProcessKey: uVirKey = 73, lParam = 0xc0170001	
00000032	3.52698636	[180] ImeToAsciiEx	
00000033	3.62288380	[180] ImeProcessKey: uVirKey = 73, lParam = 0x00170001	
00000034	3.62297082	[180] ImeToAsciiEx	
00000035	3.68685126	[180] ImeProcessKey: uVirKey = 73, lParam = 0xc0170001	
00000036	3.68693948	[180] ImeToAsciiEx	
00000037	6.99739647	[180] NotifyIME: dwAction = 21, dwIndex = 0x00000004, dwValue = 0x00000000	
00000038	6.99771404	[180] Proc: 00150094, message 642 (WM_IME_NOTIFY), 00000001, 00000000	
00000039	6.99788332	[180] Proc: 00150094, message 645 (WM_IME_SELECT), 00000000, e0200804	
00000040	6.99801254	[180] Proc: 00150094, message 2 (WM_DESTROY), 00000000, 00000000	
00000041	6.99815321	[180] Proc: 00150094, message 130 (WM_NCDESTROY), 00000000, 00000000	
00000042	6.99846268	[180] ImeSelect: selected = 0	
